app/build/outputs/logs/manifest-merger-debug-report.txt
-- Merging decision tree log ---
manifest
ADDED from src/main/AndroidManifest.xml:1:1-27:12
	package
		ADDED from src/main/AndroidManifest.xml:2:9-32
		INJECTED from src/main/AndroidManifest.xml
		INJECTED from src/main/AndroidManifest.xml
	android:versionName
		INJECTED from src/main/AndroidManifest.xml
		INJECTED from src/main/AndroidManifest.xml
	xmlns:android
		ADDED from src/main/AndroidManifest.xml:1:11-69
	android:versionCode
		INJECTED from src/main/AndroidManifest.xml
		INJECTED from src/main/AndroidManifest.xml
application
ADDED from src/main/AndroidManifest.xml:5:5-25:19
	android:label
		ADDED from src/main/AndroidManifest.xml:6:9-31
	android:allowBackup
		ADDED from src/main/AndroidManifest.xml:5:18-44
	android:icon
		ADDED from src/main/AndroidManifest.xml:7:9-42
	android:theme
		ADDED from src/main/AndroidManifest.xml:9:9-40
	android:name
		ADDED from src/main/AndroidManifest.xml:8:9-42
activity#com.gs.cipher.MainActivity
ADDED from src/main/AndroidManifest.xml:10:9-19:20
	android:screenOrientation
		ADDED from src/main/AndroidManifest.xml:12:13-49
	android:windowSoftInputMode
		ADDED from src/main/AndroidManifest.xml:13:4-46
	android:name
		ADDED from src/main/AndroidManifest.xml:11:13-41
intent-filter#android.intent.action.MAIN+android.intent.category.LAUNCHER
ADDED from src/main/AndroidManifest.xml:15:13-18:29
action#android.intent.action.MAIN
ADDED from src/main/AndroidManifest.xml:16:17-69
	android:name
		ADDED from src/main/AndroidManifest.xml:16:25-66
category#android.intent.category.LAUNCHER
ADDED from src/main/AndroidManifest.xml:17:17-77
	android:name
		ADDED from src/main/AndroidManifest.xml:17:27-74
activity#com.gs.cipher.DebugActivity
ADDED from src/main/AndroidManifest.xml:20:4-82
	android:screenOrientation
		ADDED from src/main/AndroidManifest.xml:20:44-80
	android:name
		ADDED from src/main/AndroidManifest.xml:20:14-43
service#com.gs.cipher.OverlayShowingService
ADDED from src/main/AndroidManifest.xml:21:3-24:42
	android:exported
		ADDED from src/main/AndroidManifest.xml:23:13-37
	android:stopWithTask
		ADDED from src/main/AndroidManifest.xml:24:13-40
	android:name
		ADDED from src/main/AndroidManifest.xml:22:13-50
uses-permission#android.permission.SYSTEM_ALERT_WINDOW
ADDED from src/main/AndroidManifest.xml:26:1-74
	android:name
		ADDED from src/main/AndroidManifest.xml:26:18-71
uses-sdk
INJECTED from src/main/AndroidManifest.xml reason: use-sdk injection requested
	android:targetSdkVersion
		INJECTED from src/main/AndroidManifest.xml
		INJECTED from src/main/AndroidManifest.xml
	android:minSdkVersion
		INJECTED from src/main/AndroidManifest.xml
		INJECTED from src/main/AndroidManifest.xml